<?xml version="1.0" encoding="utf-8"?><testsuites name="pytest tests"><testsuite name="pytest" errors="0" failures="0" skipped="0" tests="13" time="2.839" timestamp="2026-09-02T12:23:26.359182+00:00" hostname="agent-env-357a59ac-bf1d-4658-a239-2743eb48a41a"><testcase classname="tests.test_allchecks_filters.TestChecklistListFilters" name="test_make_filter" time="0.397" /><testcase classname="tests.test_allchecks_filters.TestChecklistListFilters" name="test_make_and_check_type_filter" time="0.101" /><testcase classname="tests.test_allchecks_filters.TestChecklistListFilters" name="test_make_and_model_filter" time="0.163" /><testcase classname="tests.test_allchecks_filters.TestChecklistListFilters" name="test_servicing_category_with_make" time="0.091" /><testcase classname="tests.test_allchecks_filters.TestChecklistListFilters" name="test_unknown_make_returns_empty" time="0.073" /><testcase classname="tests.test_allchecks_filters.TestChecklistListFilters" name="test_no_filters_returns_mixed" time="0.071" /><testcase classname="tests.test_allchecks_filters.TestChecklistListFilters" name="test_comma_separated_check_type" time="1.007" /><testcase classname="tests.test_allchecks_filters.TestCsvExportFilters" name="test_csv_make_and_check_type" time="0.172" /><testcase classname="tests.test_allchecks_filters.TestCsvExportFilters" name="test_csv_model_narrows" time="0.227" /><testcase classname="tests.test_allchecks_filters.TestCsvExportFilters" name="test_csv_unknown_make_header_only" time="0.070" /><testcase classname="tests.test_allchecks_filters.TestCsvExportFilters" name="test_csv_today_filter" time="0.072" /><testcase classname="tests.test_allchecks_filters.TestExcelExportFilters" name="test_excel_checks_make" time="0.241" /><testcase classname="tests.test_allchecks_filters.TestExcelExportFilters" name="test_excel_servicing_perrot_three_sheets" time="0.092" /></testsuite></testsuites>