<?xml version="1.0" encoding="utf-8"?><testsuites name="pytest tests"><testsuite name="pytest" errors="0" failures="3" skipped="0" tests="66" time="10.370" timestamp="2026-09-15T07:26:43.630510+00:00" hostname="agent-env-357a59ac-bf1d-4658-a239-2743eb48a41a"><testcase classname="tests.test_asset_excel" name="test_split_sheet_name_variants" time="0.000" /><testcase classname="tests.test_asset_excel" name="test_resolve_partial_never_overwrites_exact" time="0.000" /><testcase classname="tests.test_asset_excel" name="test_parse_workbook_daily_and_service_tabs" time="0.015" /><testcase classname="tests.test_asset_excel" name="test_missing_columns_raises" time="0.005" /><testcase classname="tests.test_pre_service_check.TestServiceCheckTemplates" name="test_for_asset_irrigator" time="0.312" /><testcase classname="tests.test_pre_service_check.TestServiceCheckTemplates" name="test_for_asset_case_insensitive_any_make" time="0.307" /><testcase classname="tests.test_pre_service_check.TestServiceCheckTemplates" name="test_for_asset_unknown_check_type_404" time="0.104" /><testcase classname="tests.test_pre_service_check.TestServiceCheckTemplates" name="test_for_asset_missing_params_404" time="0.104" /><testcase classname="tests.test_pre_service_check.TestServiceCheckTemplates" name="test_list_templates_contains_irrigator" time="0.102" /><testcase classname="tests.test_pre_service_check.TestServiceCheckTemplates" name="test_single_template_per_check_type" time="0.106" /><testcase classname="tests.test_pre_service_check.TestServiceCheckTemplates" name="test_diagnostics_lists_service_templates" time="0.103" /><testcase classname="tests.test_pre_service_check.TestPreServiceCheckSubmission" name="test_create_pre_service_check" time="0.103" /><testcase classname="tests.test_pre_service_check.TestPreServiceCheckSubmission" name="test_get_by_id_persisted" time="0.104" /><testcase classname="tests.test_pre_service_check.TestPreServiceCheckSubmission" name="test_by_machine_includes_parts_required" time="0.104" /><testcase classname="tests.test_pre_service_check.TestPreServiceCheckSubmission" name="test_filter_by_check_type" time="0.104" /><testcase classname="tests.test_pre_service_check.TestBackwardsCompatibility" name="test_daily_check_without_parts_required" time="0.202" /><testcase classname="tests.test_pre_service_check.TestDashboardStats" name="test_stats_ok" time="0.118" /><testcase classname="tests.test_sync_utils" name="test_staff_upsert_soft_deletes_and_keeps_admin" time="0.021" /><testcase classname="tests.test_sync_utils" name="test_assets_upsert_keeps_ids_qr_and_retires_missing" time="0.018" /><testcase classname="tests.test_sync_utils" name="test_templates_upsert_replaces_per_check_type_only" time="0.018" /><testcase classname="tests.test_sync_idempotency.TestReadEndpointsHideSoftDeleted" name="test_staff_active_only" time="0.308" /><testcase classname="tests.test_sync_idempotency.TestReadEndpointsHideSoftDeleted" name="test_assets_exclude_retired" time="0.101" /><testcase classname="tests.test_sync_idempotency.TestReadEndpointsHideSoftDeleted" name="test_asset_lookup_endpoints" time="0.305" /><testcase classname="tests.test_sync_idempotency.TestRemovedEndpoints" name="test_destructive_endpoints_removed[/api/admin/update-staff]" time="0.096" /><testcase classname="tests.test_sync_idempotency.TestRemovedEndpoints" name="test_destructive_endpoints_removed[/api/admin/update-assets]" time="0.090" /><testcase classname="tests.test_sync_idempotency.TestStaffUploadIdempotency" name="test_01_upload_with_extra_row" time="0.213"><failure message="AssertionError: {'added': 0, 'count': 80, 'deactivated': 0, 'debug': {'headers_found': ['name', 'employee number', 'workshop control', 'admin control', 'manager control'], 'rows_processed': 80, 'rows_skipped': 0}, ...}&#10;assert 0 &gt;= 1">tests/test_sync_idempotency.py:134: in test_01_upload_with_extra_row
    assert data["added"] &gt;= 1, data
E   AssertionError: {'added': 0, 'count': 80, 'deactivated': 0, 'debug': {'headers_found': ['name', 'employee number', 'workshop control', 'admin control', 'manager control'], 'rows_processed': 80, 'rows_skipped': 0}, ...}
E   assert 0 &gt;= 1</failure></testcase><testcase classname="tests.test_sync_idempotency.TestStaffUploadIdempotency" name="test_02_reupload_same_file_is_noop" time="0.114" /><testcase classname="tests.test_sync_idempotency.TestStaffUploadIdempotency" name="test_03_test_staff_can_login" time="0.098" /><testcase classname="tests.test_sync_idempotency.TestStaffUploadIdempotency" name="test_04_upload_without_row_soft_deletes" time="0.304" /><testcase classname="tests.test_sync_idempotency.TestStaffUploadIdempotency" name="test_05_deactivated_staff_cannot_login" time="0.092" /><testcase classname="tests.test_sync_idempotency.TestStaffUploadIdempotency" name="test_06_admin_4444_still_active_and_can_login" time="0.192" /><testcase classname="tests.test_sync_idempotency.TestAssetUploadIdempotency" name="test_01_upload_with_new_asset" time="0.337"><failure message="AssertionError: {'added': 0, 'count': 308, 'message': 'Successfully uploaded 308 assets (0 added, 1 updated, 0 retired), 0 daily check lists and 0 pre service sheets', 'preview': [{'check_type': 'Monthly Inspections', 'make': 'AD Monthly Inspections', 'name': 'AD Monthly Inspections'}, {'check_type': 'AD Plant Enviromental Record', 'make': 'AD Plant Enviromental Record', 'name': 'AD Plant Enviromental Record'}, {'check_type': 'AD Plant Weekly', 'make': 'AD Plant Weekly Inspection and Asseessments', 'name': 'AD Plant Weekly Inspection and Asseessments'}, {'check_type': 'Trailed Implement', 'make': 'CM', 'name': 'CM Regaro - Single Beed Poly Layer'}, {'check_type': 'Trailed Implement', 'make': 'Asa-Lift', 'name': 'T4000D 4 row trailed carrot harvester'}], ...}&#10;assert 0 == 1">tests/test_sync_idempotency.py:209: in test_01_upload_with_new_asset
    assert data["added"] == 1, data
E   AssertionError: {'added': 0, 'count': 308, 'message': 'Successfully uploaded 308 assets (0 added, 1 updated, 0 retired), 0 daily check lists and 0 pre service sheets', 'preview': [{'check_type': 'Monthly Inspections', 'make': 'AD Monthly Inspections', 'name': 'AD Monthly Inspections'}, {'check_type': 'AD Plant Enviromental Record', 'make': 'AD Plant Enviromental Record', 'name': 'AD Plant Enviromental Record'}, {'check_type': 'AD Plant Weekly', 'make': 'AD Plant Weekly Inspection and Asseessments', 'name': 'AD Plant Weekly Inspection and Asseessments'}, {'check_type': 'Trailed Implement', 'make': 'CM', 'name': 'CM Regaro - Single Beed Poly Layer'}, {'check_type': 'Trailed Implement', 'make': 'Asa-Lift', 'name': 'T4000D 4 row trailed carrot harvester'}], ...}
E   assert 0 == 1</failure></testcase><testcase classname="tests.test_sync_idempotency.TestAssetUploadIdempotency" name="test_02_reupload_same_file_is_noop" time="0.136" /><testcase classname="tests.test_sync_idempotency.TestAssetUploadIdempotency" name="test_03_templates_not_wiped" time="0.184" /><testcase classname="tests.test_sync_idempotency.TestAssetUploadIdempotency" name="test_04_upload_without_new_asset_retires_it" time="0.325" /><testcase classname="tests.test_sync_idempotency.TestAssetUploadIdempotency" name="test_05_retired_asset_reappears_with_same_id" time="0.234"><failure message="KeyError: 'new_asset_id'">tests/test_sync_idempotency.py:269: in test_05_retired_asset_reappears_with_same_id
    assert match[0]["id"] == STATE["new_asset_id"], "id changed when asset was un-retired"
                             ^^^^^^^^^^^^^^^^^^^^^
E   KeyError: 'new_asset_id'</failure></testcase><testcase classname="tests.test_sync_idempotency.TestAssetUploadIdempotency" name="test_06_final_upload_restores_original_state" time="0.140" /><testcase classname="tests.test_checks_servicing_category.TestChecklistsCategory" name="test_servicing_only_returns_servicing_types" time="0.185" /><testcase classname="tests.test_checks_servicing_category.TestChecklistsCategory" name="test_checks_excludes_servicing_types" time="0.129" /><testcase classname="tests.test_checks_servicing_category.TestChecklistsCategory" name="test_no_category_is_backwards_compatible" time="0.075" /><testcase classname="tests.test_checks_servicing_category.TestChecklistsCategory" name="test_category_plus_check_type" time="0.073" /><testcase classname="tests.test_checks_servicing_category.TestChecklistsCategory" name="test_invalid_category_returns_all" time="0.074" /><testcase classname="tests.test_checks_servicing_category.TestTodayCategory" name="test_today_servicing" time="0.077" /><testcase classname="tests.test_checks_servicing_category.TestTodayCategory" name="test_today_no_param" time="0.075" /><testcase classname="tests.test_checks_servicing_category.TestTodayCategory" name="test_today_checks" time="0.073" /><testcase classname="tests.test_checks_servicing_category.TestCreatePreServiceRecord" name="test_create" time="0.157" /><testcase classname="tests.test_checks_servicing_category.TestCsvExport" name="test_csv_servicing" time="0.106" /><testcase classname="tests.test_checks_servicing_category.TestCsvExport" name="test_csv_no_param" time="0.252" /><testcase classname="tests.test_checks_servicing_category.TestCsvExport" name="test_csv_checks_has_no_servicing" time="0.244" /><testcase classname="tests.test_checks_servicing_category.TestCsvExport" name="test_csv_pre_service_row_values" time="0.081" /><testcase classname="tests.test_checks_servicing_category.TestExcelExport" name="test_excel_servicing" time="0.122" /><testcase classname="tests.test_checks_servicing_category.TestExcelExport" name="test_excel_no_param" time="0.534" /><testcase classname="tests.test_servicing_export_notes.TestSeed" name="test_create_pre_service_check" time="0.209" /><testcase classname="tests.test_servicing_export_notes.TestSeed" name="test_create_daily_check" time="0.065" /><testcase classname="tests.test_servicing_export_notes.TestServiceSheets" name="test_sheetnames" time="0.110" /><testcase classname="tests.test_servicing_export_notes.TestServiceSheets" name="test_service_sheet_row_values" time="0.112" /><testcase classname="tests.test_servicing_export_notes.TestServiceSheets" name="test_needs_work_cells_red_fill" time="0.113" /><testcase classname="tests.test_servicing_export_notes.TestActionList" name="test_header_and_rows" time="0.111" /><testcase classname="tests.test_servicing_export_notes.TestActionList" name="test_row_fills" time="0.132" /><testcase classname="tests.test_servicing_export_notes.TestActionList" name="test_workshop_service_rows_present" time="0.135" /><testcase classname="tests.test_servicing_export_notes.TestPartsToOrder" name="test_parts_sheet" time="0.110" /><testcase classname="tests.test_servicing_export_notes.TestCsvNotes" name="test_servicing_csv_row" time="0.066" /><testcase classname="tests.test_servicing_export_notes.TestCsvNotes" name="test_checks_csv_has_daily_notes" time="0.228" /><testcase classname="tests.test_servicing_export_notes.TestPlainExcel" name="test_excel_no_category" time="0.520" /><testcase classname="tests.test_servicing_export_notes.TestPlainExcel" name="test_excel_checks_category" time="0.494" /><testcase classname="tests.test_servicing_export_notes.TestByMachineExport" name="test_by_machine_notes_full" time="0.069" /></testsuite></testsuites>