<?xml version="1.0" encoding="utf-8"?><testsuites name="pytest tests"><testsuite name="pytest" errors="0" failures="0" skipped="0" tests="56" time="10.161" timestamp="2026-09-02T17:15:14.552486+00:00" hostname="agent-env-357a59ac-bf1d-4658-a239-2743eb48a41a"><testcase classname="tests.test_sync_utils" name="test_staff_upsert_soft_deletes_and_keeps_admin" time="0.019" /><testcase classname="tests.test_sync_utils" name="test_assets_upsert_keeps_ids_qr_and_retires_missing" time="0.017" /><testcase classname="tests.test_sync_utils" name="test_templates_upsert_replaces_per_check_type_only" time="0.016" /><testcase classname="tests.test_allchecks_filters.TestChecklistListFilters" name="test_make_filter" time="0.350" /><testcase classname="tests.test_allchecks_filters.TestChecklistListFilters" name="test_make_and_check_type_filter" time="0.107" /><testcase classname="tests.test_allchecks_filters.TestChecklistListFilters" name="test_make_and_model_filter" time="0.179" /><testcase classname="tests.test_allchecks_filters.TestChecklistListFilters" name="test_servicing_category_with_make" time="0.079" /><testcase classname="tests.test_allchecks_filters.TestChecklistListFilters" name="test_unknown_make_returns_empty" time="0.079" /><testcase classname="tests.test_allchecks_filters.TestChecklistListFilters" name="test_no_filters_returns_mixed" time="0.089" /><testcase classname="tests.test_allchecks_filters.TestChecklistListFilters" name="test_comma_separated_check_type" time="1.055" /><testcase classname="tests.test_allchecks_filters.TestCsvExportFilters" name="test_csv_make_and_check_type" time="0.211" /><testcase classname="tests.test_allchecks_filters.TestCsvExportFilters" name="test_csv_model_narrows" time="0.287" /><testcase classname="tests.test_allchecks_filters.TestCsvExportFilters" name="test_csv_unknown_make_header_only" time="0.092" /><testcase classname="tests.test_allchecks_filters.TestCsvExportFilters" name="test_csv_today_filter" time="0.079" /><testcase classname="tests.test_allchecks_filters.TestExcelExportFilters" name="test_excel_checks_make" time="0.134" /><testcase classname="tests.test_allchecks_filters.TestExcelExportFilters" name="test_excel_servicing_perrot_three_sheets" time="0.114" /><testcase classname="tests.test_checks_servicing_category.TestChecklistsCategory" name="test_servicing_only_returns_servicing_types" time="0.222" /><testcase classname="tests.test_checks_servicing_category.TestChecklistsCategory" name="test_checks_excludes_servicing_types" time="1.023" /><testcase classname="tests.test_checks_servicing_category.TestChecklistsCategory" name="test_no_category_is_backwards_compatible" time="0.073" /><testcase classname="tests.test_checks_servicing_category.TestChecklistsCategory" name="test_category_plus_check_type" time="0.073" /><testcase classname="tests.test_checks_servicing_category.TestChecklistsCategory" name="test_invalid_category_returns_all" time="0.070" /><testcase classname="tests.test_checks_servicing_category.TestTodayCategory" name="test_today_servicing" time="0.077" /><testcase classname="tests.test_checks_servicing_category.TestTodayCategory" name="test_today_no_param" time="0.071" /><testcase classname="tests.test_checks_servicing_category.TestTodayCategory" name="test_today_checks" time="0.072" /><testcase classname="tests.test_checks_servicing_category.TestCreatePreServiceRecord" name="test_create" time="0.161" /><testcase classname="tests.test_checks_servicing_category.TestCsvExport" name="test_csv_servicing" time="0.071" /><testcase classname="tests.test_checks_servicing_category.TestCsvExport" name="test_csv_no_param" time="0.237" /><testcase classname="tests.test_checks_servicing_category.TestCsvExport" name="test_csv_checks_has_no_servicing" time="0.214" /><testcase classname="tests.test_checks_servicing_category.TestCsvExport" name="test_csv_pre_service_row_values" time="0.070" /><testcase classname="tests.test_checks_servicing_category.TestExcelExport" name="test_excel_servicing" time="0.110" /><testcase classname="tests.test_checks_servicing_category.TestExcelExport" name="test_excel_no_param" time="0.515" /><testcase classname="tests.test_servicing_export_notes.TestSeed" name="test_create_pre_service_check" time="0.283" /><testcase classname="tests.test_servicing_export_notes.TestSeed" name="test_create_daily_check" time="0.068" /><testcase classname="tests.test_servicing_export_notes.TestServiceSheets" name="test_sheetnames" time="0.112" /><testcase classname="tests.test_servicing_export_notes.TestServiceSheets" name="test_service_sheet_row_values" time="0.113" /><testcase classname="tests.test_servicing_export_notes.TestServiceSheets" name="test_needs_work_cells_red_fill" time="0.111" /><testcase classname="tests.test_servicing_export_notes.TestActionList" name="test_header_and_rows" time="0.115" /><testcase classname="tests.test_servicing_export_notes.TestActionList" name="test_row_fills" time="0.109" /><testcase classname="tests.test_servicing_export_notes.TestActionList" name="test_workshop_service_rows_present" time="0.111" /><testcase classname="tests.test_servicing_export_notes.TestPartsToOrder" name="test_parts_sheet" time="0.114" /><testcase classname="tests.test_servicing_export_notes.TestCsvNotes" name="test_servicing_csv_row" time="0.068" /><testcase classname="tests.test_servicing_export_notes.TestCsvNotes" name="test_checks_csv_has_daily_notes" time="0.216" /><testcase classname="tests.test_servicing_export_notes.TestPlainExcel" name="test_excel_no_category" time="0.550" /><testcase classname="tests.test_servicing_export_notes.TestPlainExcel" name="test_excel_checks_category" time="0.528" /><testcase classname="tests.test_servicing_export_notes.TestByMachineExport" name="test_by_machine_notes_full" time="0.074" /><testcase classname="tests.test_pre_service_check.TestServiceCheckTemplates" name="test_by_make_perrot" time="0.245" /><testcase classname="tests.test_pre_service_check.TestServiceCheckTemplates" name="test_by_make_case_insensitive" time="0.073" /><testcase classname="tests.test_pre_service_check.TestServiceCheckTemplates" name="test_by_make_unknown_404" time="0.072" /><testcase classname="tests.test_pre_service_check.TestServiceCheckTemplates" name="test_list_templates_contains_perrot" time="0.078" /><testcase classname="tests.test_pre_service_check.TestServiceCheckTemplates" name="test_seed_idempotent_single_perrot" time="0.080" /><testcase classname="tests.test_pre_service_check.TestPreServiceCheckSubmission" name="test_create_pre_service_check" time="0.079" /><testcase classname="tests.test_pre_service_check.TestPreServiceCheckSubmission" name="test_get_by_id_persisted" time="0.097" /><testcase classname="tests.test_pre_service_check.TestPreServiceCheckSubmission" name="test_by_machine_includes_parts_required" time="0.087" /><testcase classname="tests.test_pre_service_check.TestPreServiceCheckSubmission" name="test_filter_by_check_type" time="0.097" /><testcase classname="tests.test_pre_service_check.TestBackwardsCompatibility" name="test_daily_check_without_parts_required" time="0.182" /><testcase classname="tests.test_pre_service_check.TestDashboardStats" name="test_stats_ok" time="0.121" /></testsuite></testsuites>