<?xml version="1.0" encoding="utf-8"?><testsuites name="pytest tests"><testsuite name="pytest" errors="0" failures="0" skipped="0" tests="15" time="3.270" timestamp="2026-09-02T11:36:14.516120+00:00" hostname="agent-env-357a59ac-bf1d-4658-a239-2743eb48a41a"><testcase classname="tests.test_checks_servicing_category.TestChecklistsCategory" name="test_servicing_only_returns_servicing_types" time="0.270" /><testcase classname="tests.test_checks_servicing_category.TestChecklistsCategory" name="test_checks_excludes_servicing_types" time="1.021" /><testcase classname="tests.test_checks_servicing_category.TestChecklistsCategory" name="test_no_category_is_backwards_compatible" time="0.066" /><testcase classname="tests.test_checks_servicing_category.TestChecklistsCategory" name="test_category_plus_check_type" time="0.062" /><testcase classname="tests.test_checks_servicing_category.TestChecklistsCategory" name="test_invalid_category_returns_all" time="0.064" /><testcase classname="tests.test_checks_servicing_category.TestTodayCategory" name="test_today_servicing" time="0.063" /><testcase classname="tests.test_checks_servicing_category.TestTodayCategory" name="test_today_no_param" time="0.061" /><testcase classname="tests.test_checks_servicing_category.TestTodayCategory" name="test_today_checks" time="0.064" /><testcase classname="tests.test_checks_servicing_category.TestCreatePreServiceRecord" name="test_create" time="0.126" /><testcase classname="tests.test_checks_servicing_category.TestCsvExport" name="test_csv_servicing" time="0.071" /><testcase classname="tests.test_checks_servicing_category.TestCsvExport" name="test_csv_no_param" time="0.242" /><testcase classname="tests.test_checks_servicing_category.TestCsvExport" name="test_csv_checks_has_no_servicing" time="0.216" /><testcase classname="tests.test_checks_servicing_category.TestCsvExport" name="test_csv_pre_service_row_values" time="0.075" /><testcase classname="tests.test_checks_servicing_category.TestExcelExport" name="test_excel_servicing" time="0.098" /><testcase classname="tests.test_checks_servicing_category.TestExcelExport" name="test_excel_no_param" time="0.505" /></testsuite></testsuites>