<?xml version="1.0" encoding="utf-8"?><testsuites name="pytest tests"><testsuite name="pytest" errors="0" failures="0" skipped="0" tests="15" time="2.037" timestamp="2026-09-15T07:27:42.077453+00:00" hostname="agent-env-357a59ac-bf1d-4658-a239-2743eb48a41a"><testcase classname="tests.test_iter16_service_templates.TestForAssetEndpoint" name="test_irrigator_perrot" time="0.315" /><testcase classname="tests.test_iter16_service_templates.TestForAssetEndpoint" name="test_case_insensitive_all_makes[Perrot]" time="0.078" /><testcase classname="tests.test_iter16_service_templates.TestForAssetEndpoint" name="test_case_insensitive_all_makes[Briggs]" time="0.073" /><testcase classname="tests.test_iter16_service_templates.TestForAssetEndpoint" name="test_case_insensitive_all_makes[Bauer]" time="0.078" /><testcase classname="tests.test_iter16_service_templates.TestForAssetEndpoint" name="test_tractor_jcb_returns_404" time="0.074" /><testcase classname="tests.test_iter16_service_templates.TestForAssetEndpoint" name="test_no_params_returns_404" time="0.073" /><testcase classname="tests.test_iter16_service_templates.TestForAssetEndpoint" name="test_list_exactly_one_irrigator_no_legacy" time="0.074" /><testcase classname="tests.test_iter16_service_templates.TestAssetsUpload" name="test_first_upload_message_and_sheets" time="0.175" /><testcase classname="tests.test_iter16_service_templates.TestAssetsUpload" name="test_second_upload_idempotent" time="0.205" /><testcase classname="tests.test_iter16_service_templates.TestDailyTemplates" name="test_irrigator_daily_5_items_all_compulsory" time="0.076" /><testcase classname="tests.test_iter16_service_templates.TestDailyTemplates" name="test_tractor_daily_18_items" time="0.073" /><testcase classname="tests.test_iter16_service_templates.TestTemplateDiagnostics" name="test_diagnostics_service_templates" time="0.073" /><testcase classname="tests.test_iter16_service_templates.TestPreServiceSubmissions" name="test_irrigator_pre_service_submit_and_get" time="0.149" /><testcase classname="tests.test_iter16_service_templates.TestPreServiceSubmissions" name="test_generic_pre_service_2_items" time="0.150" /><testcase classname="tests.test_iter16_service_templates.TestServicingExcelExport" name="test_servicing_excel_3_sheets_with_13_sections" time="0.301" /></testsuite></testsuites>