<?xml version="1.0" encoding="utf-8"?><testsuites name="pytest tests"><testsuite name="pytest" errors="0" failures="0" skipped="0" tests="72" time="9.516" timestamp="2026-09-15T08:34:46.711417+00:00" hostname="agent-env-357a59ac-bf1d-4658-a239-2743eb48a41a"><testcase classname="backend.tests.test_date_range_history.TestSubItems" name="test_sub_items_round_trip" time="0.327" /><testcase classname="backend.tests.test_date_range_history.TestSubItems" name="test_template_has_section_details" time="0.060" /><testcase classname="backend.tests.test_date_range_history.TestMachineHistory" name="test_history_contains_service_and_faults_only" time="0.062" /><testcase classname="backend.tests.test_date_range_history.TestMachineHistory" name="test_history_no_photo_binaries" time="0.094" /><testcase classname="backend.tests.test_date_range_history.TestMachineHistory" name="test_history_unknown_machine_empty" time="0.062" /><testcase classname="backend.tests.test_date_range_history.TestMachineHistory" name="test_history_requires_params" time="0.057" /><testcase classname="backend.tests.test_date_range_history.TestDateRange" name="test_today_range_includes_new_record" time="0.061" /><testcase classname="backend.tests.test_date_range_history.TestDateRange" name="test_count_matches_list_and_old_range_empty" time="0.177" /><testcase classname="backend.tests.test_date_range_history.TestDateRange" name="test_open_ended_ranges" time="0.240" /><testcase classname="backend.tests.test_date_range_history.TestDateRange" name="test_bad_date_400" time="0.117" /><testcase classname="backend.tests.test_date_range_history.TestDateRange" name="test_exports_honour_range_and_filename" time="0.251" /><testcase classname="backend.tests.test_asset_excel" name="test_split_sheet_name_variants" time="0.000" /><testcase classname="backend.tests.test_asset_excel" name="test_resolve_partial_never_overwrites_exact" time="0.000" /><testcase classname="backend.tests.test_asset_excel" name="test_parse_workbook_daily_and_service_tabs" time="0.013" /><testcase classname="backend.tests.test_asset_excel" name="test_service_sheet_sub_items_third_column" time="0.007" /><testcase classname="backend.tests.test_asset_excel" name="test_service_sheet_with_header_row" time="0.007" /><testcase classname="backend.tests.test_asset_excel" name="test_missing_columns_raises" time="0.005" /><testcase classname="backend.tests.test_pre_service_check.TestServiceCheckTemplates" name="test_for_asset_irrigator" time="0.143" /><testcase classname="backend.tests.test_pre_service_check.TestServiceCheckTemplates" name="test_for_asset_case_insensitive_any_make" time="0.208" /><testcase classname="backend.tests.test_pre_service_check.TestServiceCheckTemplates" name="test_for_asset_unknown_check_type_404" time="0.074" /><testcase classname="backend.tests.test_pre_service_check.TestServiceCheckTemplates" name="test_for_asset_missing_params_404" time="0.065" /><testcase classname="backend.tests.test_pre_service_check.TestServiceCheckTemplates" name="test_list_templates_contains_irrigator" time="0.066" /><testcase classname="backend.tests.test_pre_service_check.TestServiceCheckTemplates" name="test_single_template_per_check_type" time="0.067" /><testcase classname="backend.tests.test_pre_service_check.TestServiceCheckTemplates" name="test_diagnostics_lists_service_templates" time="0.069" /><testcase classname="backend.tests.test_pre_service_check.TestPreServiceCheckSubmission" name="test_create_pre_service_check" time="0.077" /><testcase classname="backend.tests.test_pre_service_check.TestPreServiceCheckSubmission" name="test_get_by_id_persisted" time="0.070" /><testcase classname="backend.tests.test_pre_service_check.TestPreServiceCheckSubmission" name="test_by_machine_includes_parts_required" time="0.072" /><testcase classname="backend.tests.test_pre_service_check.TestPreServiceCheckSubmission" name="test_filter_by_check_type" time="0.075" /><testcase classname="backend.tests.test_pre_service_check.TestBackwardsCompatibility" name="test_daily_check_without_parts_required" time="0.139" /><testcase classname="backend.tests.test_pre_service_check.TestDashboardStats" name="test_stats_ok" time="0.075" /><testcase classname="backend.tests.test_checks_servicing_category.TestChecklistsCategory" name="test_servicing_only_returns_servicing_types" time="0.123" /><testcase classname="backend.tests.test_checks_servicing_category.TestChecklistsCategory" name="test_checks_excludes_servicing_types" time="0.132" /><testcase classname="backend.tests.test_checks_servicing_category.TestChecklistsCategory" name="test_no_category_is_backwards_compatible" time="0.069" /><testcase classname="backend.tests.test_checks_servicing_category.TestChecklistsCategory" name="test_category_plus_check_type" time="0.063" /><testcase classname="backend.tests.test_checks_servicing_category.TestChecklistsCategory" name="test_invalid_category_returns_all" time="0.066" /><testcase classname="backend.tests.test_checks_servicing_category.TestTodayCategory" name="test_today_servicing" time="0.069" /><testcase classname="backend.tests.test_checks_servicing_category.TestTodayCategory" name="test_today_no_param" time="0.072" /><testcase classname="backend.tests.test_checks_servicing_category.TestTodayCategory" name="test_today_checks" time="0.065" /><testcase classname="backend.tests.test_checks_servicing_category.TestCreatePreServiceRecord" name="test_create" time="0.132" /><testcase classname="backend.tests.test_checks_servicing_category.TestCsvExport" name="test_csv_servicing" time="0.076" /><testcase classname="backend.tests.test_checks_servicing_category.TestCsvExport" name="test_csv_no_param" time="0.219" /><testcase classname="backend.tests.test_checks_servicing_category.TestCsvExport" name="test_csv_checks_has_no_servicing" time="0.223" /><testcase classname="backend.tests.test_checks_servicing_category.TestCsvExport" name="test_csv_pre_service_row_values" time="0.082" /><testcase classname="backend.tests.test_checks_servicing_category.TestExcelExport" name="test_excel_servicing" time="0.123" /><testcase classname="backend.tests.test_checks_servicing_category.TestExcelExport" name="test_excel_no_param" time="0.521" /><testcase classname="backend.tests.test_allchecks_filters.TestChecklistListFilters" name="test_make_filter" time="0.131" /><testcase classname="backend.tests.test_allchecks_filters.TestChecklistListFilters" name="test_make_and_check_type_filter" time="0.067" /><testcase classname="backend.tests.test_allchecks_filters.TestChecklistListFilters" name="test_make_and_model_filter" time="0.128" /><testcase classname="backend.tests.test_allchecks_filters.TestChecklistListFilters" name="test_servicing_category_with_make" time="0.065" /><testcase classname="backend.tests.test_allchecks_filters.TestChecklistListFilters" name="test_unknown_make_returns_empty" time="0.061" /><testcase classname="backend.tests.test_allchecks_filters.TestChecklistListFilters" name="test_no_filters_returns_mixed" time="0.059" /><testcase classname="backend.tests.test_allchecks_filters.TestChecklistListFilters" name="test_comma_separated_check_type" time="0.096" /><testcase classname="backend.tests.test_allchecks_filters.TestCsvExportFilters" name="test_csv_make_and_check_type" time="0.142" /><testcase classname="backend.tests.test_allchecks_filters.TestCsvExportFilters" name="test_csv_model_narrows" time="0.193" /><testcase classname="backend.tests.test_allchecks_filters.TestCsvExportFilters" name="test_csv_unknown_make_header_only" time="0.061" /><testcase classname="backend.tests.test_allchecks_filters.TestCsvExportFilters" name="test_csv_today_filter" time="0.059" /><testcase classname="backend.tests.test_allchecks_filters.TestExcelExportFilters" name="test_excel_checks_make" time="0.135" /><testcase classname="backend.tests.test_allchecks_filters.TestExcelExportFilters" name="test_excel_servicing_perrot_three_sheets" time="0.094" /><testcase classname="backend.tests.test_servicing_export_notes.TestSeed" name="test_create_pre_service_check" time="0.363" /><testcase classname="backend.tests.test_servicing_export_notes.TestSeed" name="test_create_daily_check" time="0.098" /><testcase classname="backend.tests.test_servicing_export_notes.TestServiceSheets" name="test_sheetnames" time="0.185" /><testcase classname="backend.tests.test_servicing_export_notes.TestServiceSheets" name="test_service_sheet_row_values" time="0.163" /><testcase classname="backend.tests.test_servicing_export_notes.TestServiceSheets" name="test_needs_work_cells_red_fill" time="0.163" /><testcase classname="backend.tests.test_servicing_export_notes.TestActionList" name="test_header_and_rows" time="0.172" /><testcase classname="backend.tests.test_servicing_export_notes.TestActionList" name="test_row_fills" time="0.166" /><testcase classname="backend.tests.test_servicing_export_notes.TestActionList" name="test_workshop_service_rows_present" time="0.166" /><testcase classname="backend.tests.test_servicing_export_notes.TestPartsToOrder" name="test_parts_sheet" time="0.162" /><testcase classname="backend.tests.test_servicing_export_notes.TestCsvNotes" name="test_servicing_csv_row" time="0.104" /><testcase classname="backend.tests.test_servicing_export_notes.TestCsvNotes" name="test_checks_csv_has_daily_notes" time="0.250" /><testcase classname="backend.tests.test_servicing_export_notes.TestPlainExcel" name="test_excel_no_category" time="0.552" /><testcase classname="backend.tests.test_servicing_export_notes.TestPlainExcel" name="test_excel_checks_category" time="0.539" /><testcase classname="backend.tests.test_servicing_export_notes.TestByMachineExport" name="test_by_machine_notes_full" time="0.108" /></testsuite></testsuites>