<?xml version="1.0" encoding="utf-8"?><testsuites name="pytest tests"><testsuite name="pytest" errors="0" failures="0" skipped="0" tests="3" time="0.153" timestamp="2026-09-02T17:13:29.249076+00:00" hostname="agent-env-357a59ac-bf1d-4658-a239-2743eb48a41a"><testcase classname="tests.test_sync_utils" name="test_staff_upsert_soft_deletes_and_keeps_admin" time="0.019" /><testcase classname="tests.test_sync_utils" name="test_assets_upsert_keeps_ids_qr_and_retires_missing" time="0.019" /><testcase classname="tests.test_sync_utils" name="test_templates_upsert_replaces_per_check_type_only" time="0.019" /></testsuite></testsuites>