<?xml version="1.0" encoding="utf-8"?><testsuites name="pytest tests"><testsuite name="pytest" errors="0" failures="0" skipped="0" tests="65" time="11.473" timestamp="2026-09-14T15:34:25.502009+00:00" hostname="agent-env-357a59ac-bf1d-4658-a239-2743eb48a41a"><testcase classname="tests.test_allchecks_filters.TestChecklistListFilters" name="test_make_filter" time="0.210" /><testcase classname="tests.test_allchecks_filters.TestChecklistListFilters" name="test_make_and_check_type_filter" time="0.101" /><testcase classname="tests.test_allchecks_filters.TestChecklistListFilters" name="test_make_and_model_filter" time="0.218" /><testcase classname="tests.test_allchecks_filters.TestChecklistListFilters" name="test_servicing_category_with_make" time="0.082" /><testcase classname="tests.test_allchecks_filters.TestChecklistListFilters" name="test_unknown_make_returns_empty" time="0.103" /><testcase classname="tests.test_allchecks_filters.TestChecklistListFilters" name="test_no_filters_returns_mixed" time="0.081" /><testcase classname="tests.test_allchecks_filters.TestChecklistListFilters" name="test_comma_separated_check_type" time="0.103" /><testcase classname="tests.test_allchecks_filters.TestCsvExportFilters" name="test_csv_make_and_check_type" time="0.189" /><testcase classname="tests.test_allchecks_filters.TestCsvExportFilters" name="test_csv_model_narrows" time="0.297" /><testcase classname="tests.test_allchecks_filters.TestCsvExportFilters" name="test_csv_unknown_make_header_only" time="0.094" /><testcase classname="tests.test_allchecks_filters.TestCsvExportFilters" name="test_csv_today_filter" time="0.100" /><testcase classname="tests.test_allchecks_filters.TestExcelExportFilters" name="test_excel_checks_make" time="0.138" /><testcase classname="tests.test_allchecks_filters.TestExcelExportFilters" name="test_excel_servicing_perrot_three_sheets" time="0.120" /><testcase classname="tests.test_checks_servicing_category.TestChecklistsCategory" name="test_servicing_only_returns_servicing_types" time="0.152" /><testcase classname="tests.test_checks_servicing_category.TestChecklistsCategory" name="test_checks_excludes_servicing_types" time="0.117" /><testcase classname="tests.test_checks_servicing_category.TestChecklistsCategory" name="test_no_category_is_backwards_compatible" time="0.084" /><testcase classname="tests.test_checks_servicing_category.TestChecklistsCategory" name="test_category_plus_check_type" time="0.081" /><testcase classname="tests.test_checks_servicing_category.TestChecklistsCategory" name="test_invalid_category_returns_all" time="0.106" /><testcase classname="tests.test_checks_servicing_category.TestTodayCategory" name="test_today_servicing" time="0.094" /><testcase classname="tests.test_checks_servicing_category.TestTodayCategory" name="test_today_no_param" time="0.102" /><testcase classname="tests.test_checks_servicing_category.TestTodayCategory" name="test_today_checks" time="0.089" /><testcase classname="tests.test_checks_servicing_category.TestCreatePreServiceRecord" name="test_create" time="0.200" /><testcase classname="tests.test_checks_servicing_category.TestCsvExport" name="test_csv_servicing" time="0.109" /><testcase classname="tests.test_checks_servicing_category.TestCsvExport" name="test_csv_no_param" time="0.282" /><testcase classname="tests.test_checks_servicing_category.TestCsvExport" name="test_csv_checks_has_no_servicing" time="0.233" /><testcase classname="tests.test_checks_servicing_category.TestCsvExport" name="test_csv_pre_service_row_values" time="0.104" /><testcase classname="tests.test_checks_servicing_category.TestExcelExport" name="test_excel_servicing" time="0.109" /><testcase classname="tests.test_checks_servicing_category.TestExcelExport" name="test_excel_no_param" time="0.559" /><testcase classname="tests.test_servicing_export_notes.TestSeed" name="test_create_pre_service_check" time="0.299" /><testcase classname="tests.test_servicing_export_notes.TestSeed" name="test_create_daily_check" time="0.090" /><testcase classname="tests.test_servicing_export_notes.TestServiceSheets" name="test_sheetnames" time="0.116" /><testcase classname="tests.test_servicing_export_notes.TestServiceSheets" name="test_service_sheet_row_values" time="0.113" /><testcase classname="tests.test_servicing_export_notes.TestServiceSheets" name="test_needs_work_cells_red_fill" time="0.120" /><testcase classname="tests.test_servicing_export_notes.TestActionList" name="test_header_and_rows" time="0.116" /><testcase classname="tests.test_servicing_export_notes.TestActionList" name="test_row_fills" time="0.111" /><testcase classname="tests.test_servicing_export_notes.TestActionList" name="test_workshop_service_rows_present" time="0.147" /><testcase classname="tests.test_servicing_export_notes.TestPartsToOrder" name="test_parts_sheet" time="0.119" /><testcase classname="tests.test_servicing_export_notes.TestCsvNotes" name="test_servicing_csv_row" time="0.089" /><testcase classname="tests.test_servicing_export_notes.TestCsvNotes" name="test_checks_csv_has_daily_notes" time="0.230" /><testcase classname="tests.test_servicing_export_notes.TestPlainExcel" name="test_excel_no_category" time="0.524" /><testcase classname="tests.test_servicing_export_notes.TestPlainExcel" name="test_excel_checks_category" time="0.533" /><testcase classname="tests.test_servicing_export_notes.TestByMachineExport" name="test_by_machine_notes_full" time="0.089" /><testcase classname="tests.test_pre_service_check.TestServiceCheckTemplates" name="test_by_make_perrot" time="0.171" /><testcase classname="tests.test_pre_service_check.TestServiceCheckTemplates" name="test_by_make_case_insensitive" time="0.067" /><testcase classname="tests.test_pre_service_check.TestServiceCheckTemplates" name="test_by_make_unknown_404" time="0.073" /><testcase classname="tests.test_pre_service_check.TestServiceCheckTemplates" name="test_list_templates_contains_perrot" time="0.070" /><testcase classname="tests.test_pre_service_check.TestServiceCheckTemplates" name="test_seed_idempotent_single_perrot" time="0.073" /><testcase classname="tests.test_pre_service_check.TestPreServiceCheckSubmission" name="test_create_pre_service_check" time="0.077" /><testcase classname="tests.test_pre_service_check.TestPreServiceCheckSubmission" name="test_get_by_id_persisted" time="0.079" /><testcase classname="tests.test_pre_service_check.TestPreServiceCheckSubmission" name="test_by_machine_includes_parts_required" time="0.076" /><testcase classname="tests.test_pre_service_check.TestPreServiceCheckSubmission" name="test_filter_by_check_type" time="0.072" /><testcase classname="tests.test_pre_service_check.TestBackwardsCompatibility" name="test_daily_check_without_parts_required" time="0.137" /><testcase classname="tests.test_pre_service_check.TestDashboardStats" name="test_stats_ok" time="0.069" /><testcase classname="tests.test_sync_utils" name="test_staff_upsert_soft_deletes_and_keeps_admin" time="0.022" /><testcase classname="tests.test_sync_utils" name="test_assets_upsert_keeps_ids_qr_and_retires_missing" time="0.019" /><testcase classname="tests.test_sync_utils" name="test_templates_upsert_replaces_per_check_type_only" time="0.017" /><testcase classname="tests.test_payload_stripping" name="test_list_checklists_stripped_and_small" time="0.143" /><testcase classname="tests.test_payload_stripping" name="test_list_today" time="0.124" /><testcase classname="tests.test_payload_stripping" name="test_list_with_repairs" time="0.145" /><testcase classname="tests.test_payload_stripping" name="test_list_by_machine_ad_plant" time="0.163" /><testcase classname="tests.test_payload_stripping" name="test_detail_big_record_has_photos" time="1.088" /><testcase classname="tests.test_payload_stripping" name="test_export_excel_by_machine_perrot" time="0.139" /><testcase classname="tests.test_payload_stripping" name="test_export_excel_by_machine_servicing_perrot" time="0.158" /><testcase classname="tests.test_payload_stripping" name="test_export_excel_by_machine_no_filters" time="0.894" /><testcase classname="tests.test_payload_stripping" name="test_export_csv_checks_columns" time="0.269" /></testsuite></testsuites>