<?xml version="1.0" encoding="utf-8"?><testsuites name="pytest tests"><testsuite name="pytest" errors="0" failures="0" skipped="0" tests="17" time="3.275" timestamp="2026-09-02T17:15:02.033910+00:00" hostname="agent-env-357a59ac-bf1d-4658-a239-2743eb48a41a"><testcase classname="tests.test_sync_idempotency.TestReadEndpointsHideSoftDeleted" name="test_staff_active_only" time="0.451" /><testcase classname="tests.test_sync_idempotency.TestReadEndpointsHideSoftDeleted" name="test_assets_exclude_retired" time="0.105" /><testcase classname="tests.test_sync_idempotency.TestReadEndpointsHideSoftDeleted" name="test_asset_lookup_endpoints" time="0.244" /><testcase classname="tests.test_sync_idempotency.TestRemovedEndpoints" name="test_destructive_endpoints_removed[/api/admin/update-staff]" time="0.078" /><testcase classname="tests.test_sync_idempotency.TestRemovedEndpoints" name="test_destructive_endpoints_removed[/api/admin/update-assets]" time="0.069" /><testcase classname="tests.test_sync_idempotency.TestStaffUploadIdempotency" name="test_01_upload_with_extra_row" time="0.263" /><testcase classname="tests.test_sync_idempotency.TestStaffUploadIdempotency" name="test_02_reupload_same_file_is_noop" time="0.088" /><testcase classname="tests.test_sync_idempotency.TestStaffUploadIdempotency" name="test_03_test_staff_can_login" time="0.066" /><testcase classname="tests.test_sync_idempotency.TestStaffUploadIdempotency" name="test_04_upload_without_row_soft_deletes" time="0.229" /><testcase classname="tests.test_sync_idempotency.TestStaffUploadIdempotency" name="test_05_deactivated_staff_cannot_login" time="0.066" /><testcase classname="tests.test_sync_idempotency.TestStaffUploadIdempotency" name="test_06_admin_4444_still_active_and_can_login" time="0.146" /><testcase classname="tests.test_sync_idempotency.TestAssetUploadIdempotency" name="test_01_upload_with_new_asset" time="0.427" /><testcase classname="tests.test_sync_idempotency.TestAssetUploadIdempotency" name="test_02_reupload_same_file_is_noop" time="0.098" /><testcase classname="tests.test_sync_idempotency.TestAssetUploadIdempotency" name="test_03_templates_not_wiped" time="0.143" /><testcase classname="tests.test_sync_idempotency.TestAssetUploadIdempotency" name="test_04_upload_without_new_asset_retires_it" time="0.273" /><testcase classname="tests.test_sync_idempotency.TestAssetUploadIdempotency" name="test_05_retired_asset_reappears_with_same_id" time="0.180" /><testcase classname="tests.test_sync_idempotency.TestAssetUploadIdempotency" name="test_06_final_upload_restores_original_state" time="0.116" /></testsuite></testsuites>