<?xml version="1.0" encoding="utf-8"?><testsuites name="pytest tests"><testsuite name="pytest" errors="0" failures="0" skipped="0" tests="11" time="0.987" timestamp="2026-09-02T10:59:17.517572+00:00" hostname="agent-env-357a59ac-bf1d-4658-a239-2743eb48a41a"><testcase classname="tests.test_pre_service_check.TestServiceCheckTemplates" name="test_by_make_perrot" time="0.217" /><testcase classname="tests.test_pre_service_check.TestServiceCheckTemplates" name="test_by_make_case_insensitive" time="0.067" /><testcase classname="tests.test_pre_service_check.TestServiceCheckTemplates" name="test_by_make_unknown_404" time="0.055" /><testcase classname="tests.test_pre_service_check.TestServiceCheckTemplates" name="test_list_templates_contains_perrot" time="0.072" /><testcase classname="tests.test_pre_service_check.TestServiceCheckTemplates" name="test_seed_idempotent_single_perrot" time="0.063" /><testcase classname="tests.test_pre_service_check.TestPreServiceCheckSubmission" name="test_create_pre_service_check" time="0.056" /><testcase classname="tests.test_pre_service_check.TestPreServiceCheckSubmission" name="test_get_by_id_persisted" time="0.079" /><testcase classname="tests.test_pre_service_check.TestPreServiceCheckSubmission" name="test_by_machine_includes_parts_required" time="0.058" /><testcase classname="tests.test_pre_service_check.TestPreServiceCheckSubmission" name="test_filter_by_check_type" time="0.065" /><testcase classname="tests.test_pre_service_check.TestBackwardsCompatibility" name="test_daily_check_without_parts_required" time="0.123" /><testcase classname="tests.test_pre_service_check.TestDashboardStats" name="test_stats_ok" time="0.069" /></testsuite></testsuites>