<?xml version="1.0" encoding="utf-8"?><testsuites name="pytest tests"><testsuite name="pytest" errors="0" failures="0" skipped="0" tests="18" time="1.914" timestamp="2026-01-15T12:51:43.075030+00:00" hostname="agent-env-73774aaa-1622-45c8-b0b7-48f27d70c1c0"><testcase classname="tests.test_near_misses_suggestions.TestHealthAndDashboard" name="test_health_check" time="0.101" /><testcase classname="tests.test_near_misses_suggestions.TestHealthAndDashboard" name="test_dashboard_stats_include_near_misses_and_suggestions" time="0.036" /><testcase classname="tests.test_near_misses_suggestions.TestNearMissEndpoints" name="test_create_near_miss_with_name" time="0.084" /><testcase classname="tests.test_near_misses_suggestions.TestNearMissEndpoints" name="test_create_near_miss_anonymous" time="0.078" /><testcase classname="tests.test_near_misses_suggestions.TestNearMissEndpoints" name="test_get_near_misses_list" time="0.036" /><testcase classname="tests.test_near_misses_suggestions.TestNearMissEndpoints" name="test_get_near_misses_count" time="0.038" /><testcase classname="tests.test_near_misses_suggestions.TestNearMissEndpoints" name="test_acknowledge_near_miss" time="0.152" /><testcase classname="tests.test_near_misses_suggestions.TestSuggestionEndpoints" name="test_create_suggestion_with_name" time="0.075" /><testcase classname="tests.test_near_misses_suggestions.TestSuggestionEndpoints" name="test_create_suggestion_anonymous" time="0.075" /><testcase classname="tests.test_near_misses_suggestions.TestSuggestionEndpoints" name="test_create_suggestion_with_different_categories" time="0.307" /><testcase classname="tests.test_near_misses_suggestions.TestSuggestionEndpoints" name="test_get_suggestions_list" time="0.036" /><testcase classname="tests.test_near_misses_suggestions.TestSuggestionEndpoints" name="test_get_suggestions_count" time="0.039" /><testcase classname="tests.test_near_misses_suggestions.TestSuggestionEndpoints" name="test_review_suggestion_as_reviewed" time="0.108" /><testcase classname="tests.test_near_misses_suggestions.TestSuggestionEndpoints" name="test_review_suggestion_as_implemented" time="0.105" /><testcase classname="tests.test_near_misses_suggestions.TestSuggestionEndpoints" name="test_review_suggestion_as_declined" time="0.156" /><testcase classname="tests.test_near_misses_suggestions.TestDashboardIntegration" name="test_dashboard_stats_update_after_near_miss" time="0.164" /><testcase classname="tests.test_near_misses_suggestions.TestDashboardIntegration" name="test_dashboard_stats_update_after_suggestion" time="0.146" /><testcase classname="tests.test_near_misses_suggestions.TestAdminLogin" name="test_admin_login" time="0.037" /></testsuite></testsuites>