<?xml version="1.0" encoding="utf-8"?><testsuites name="pytest tests"><testsuite name="pytest" errors="0" failures="1" skipped="0" tests="16" time="1.089" timestamp="2026-01-13T07:26:05.321186+00:00" hostname="agent-env-b8c5b90f-845b-4c5e-8aab-e98a060247ad"><testcase classname="tests.test_compulsory_feature.TestHealthAndAuth" name="test_health_check" time="0.082" /><testcase classname="tests.test_compulsory_feature.TestHealthAndAuth" name="test_employee_login_admin" time="0.039" /><testcase classname="tests.test_compulsory_feature.TestHealthAndAuth" name="test_employee_login_invalid" time="0.041"><failure message="assert 400 == 401&#10; +  where 400 = &lt;Response [400]&gt;.status_code">tests/test_compulsory_feature.py:42: in test_employee_login_invalid
    assert response.status_code == 401
E   assert 400 == 401
E    +  where 400 = &lt;Response [400]&gt;.status_code</failure></testcase><testcase classname="tests.test_compulsory_feature.TestChecklistTemplates" name="test_get_daily_check_template" time="0.042" /><testcase classname="tests.test_compulsory_feature.TestChecklistTemplates" name="test_get_grader_startup_template" time="0.040" /><testcase classname="tests.test_compulsory_feature.TestCompulsoryItemValidation" name="test_reject_checklist_with_failed_compulsory_item" time="0.041" /><testcase classname="tests.test_compulsory_feature.TestCompulsoryItemValidation" name="test_accept_checklist_with_satisfactory_compulsory_items" time="0.058" /><testcase classname="tests.test_compulsory_feature.TestCompulsoryItemValidation" name="test_accept_checklist_with_non_compulsory_unsatisfactory" time="0.041" /><testcase classname="tests.test_compulsory_feature.TestCompulsoryItemValidation" name="test_reject_multiple_failed_compulsory_items" time="0.038" /><testcase classname="tests.test_compulsory_feature.TestJobManagement" name="test_create_job" time="0.077" /><testcase classname="tests.test_compulsory_feature.TestJobManagement" name="test_delete_job" time="0.202" /><testcase classname="tests.test_compulsory_feature.TestJobManagement" name="test_delete_nonexistent_job" time="0.037" /><testcase classname="tests.test_compulsory_feature.TestManagerAccess" name="test_manager_role_in_login_response" time="0.037" /><testcase classname="tests.test_compulsory_feature.TestManagerAccess" name="test_validate_employee_returns_manager_control" time="0.043" /><testcase classname="tests.test_compulsory_feature.TestAssetEndpoints" name="test_get_makes" time="0.037" /><testcase classname="tests.test_compulsory_feature.TestAssetEndpoints" name="test_get_names_by_make" time="0.114" /></testsuite></testsuites>