<?xml version="1.0" encoding="utf-8"?><testsuites name="pytest tests"><testsuite name="pytest" errors="0" failures="8" skipped="0" tests="12" time="0.621" timestamp="2026-02-06T08:34:34.462585+00:00" hostname="agent-env-d823ad72-c4dc-459a-a467-7cc73f29948e"><testcase classname="backend.tests.test_near_miss_investigation.TestNearMissInvestigation" name="test_health_check" time="0.071" /><testcase classname="backend.tests.test_near_miss_investigation.TestNearMissInvestigation" name="test_admin_login" time="0.035"><failure message="AssertionError: assert None == 'yes'">backend/tests/test_near_miss_investigation.py:44: in test_admin_login
    assert data["employee"]["manager_control"] == "yes"
E   AssertionError: assert None == 'yes'</failure></testcase><testcase classname="backend.tests.test_near_miss_investigation.TestNearMissInvestigation" name="test_regular_user_login" time="0.035" /><testcase classname="backend.tests.test_near_miss_investigation.TestNearMissInvestigation" name="test_create_near_miss_for_investigation" time="0.038"><failure message="KeyError: 'description'">backend/tests/test_near_miss_investigation.py:78: in test_create_near_miss_for_investigation
    assert data["description"].startswith("TEST_INVESTIGATION_")
           ^^^^^^^^^^^^^^^^^^^
E   KeyError: 'description'</failure></testcase><testcase classname="backend.tests.test_near_miss_investigation.TestNearMissInvestigation" name="test_investigate_near_miss_with_severity_red" time="0.036"><failure message="KeyError: 'description'">backend/tests/test_near_miss_investigation.py:85: in test_investigate_near_miss_with_severity_red
    near_miss_id = self.test_create_near_miss_for_investigation()
                   ^^^^^^^^^^^^^^^^^^^^^^^^^^^^^^^^^^^^^^^^^^^^^^
backend/tests/test_near_miss_investigation.py:78: in test_create_near_miss_for_investigation
    assert data["description"].startswith("TEST_INVESTIGATION_")
           ^^^^^^^^^^^^^^^^^^^
E   KeyError: 'description'</failure></testcase><testcase classname="backend.tests.test_near_miss_investigation.TestNearMissInvestigation" name="test_investigate_near_miss_with_severity_orange" time="0.037"><failure message="KeyError: 'description'">backend/tests/test_near_miss_investigation.py:126: in test_investigate_near_miss_with_severity_orange
    near_miss_id = self.test_create_near_miss_for_investigation()
                   ^^^^^^^^^^^^^^^^^^^^^^^^^^^^^^^^^^^^^^^^^^^^^^
backend/tests/test_near_miss_investigation.py:78: in test_create_near_miss_for_investigation
    assert data["description"].startswith("TEST_INVESTIGATION_")
           ^^^^^^^^^^^^^^^^^^^
E   KeyError: 'description'</failure></testcase><testcase classname="backend.tests.test_near_miss_investigation.TestNearMissInvestigation" name="test_investigate_near_miss_with_severity_green" time="0.032"><failure message="KeyError: 'description'">backend/tests/test_near_miss_investigation.py:159: in test_investigate_near_miss_with_severity_green
    near_miss_id = self.test_create_near_miss_for_investigation()
                   ^^^^^^^^^^^^^^^^^^^^^^^^^^^^^^^^^^^^^^^^^^^^^^
backend/tests/test_near_miss_investigation.py:78: in test_create_near_miss_for_investigation
    assert data["description"].startswith("TEST_INVESTIGATION_")
           ^^^^^^^^^^^^^^^^^^^
E   KeyError: 'description'</failure></testcase><testcase classname="backend.tests.test_near_miss_investigation.TestNearMissInvestigation" name="test_update_investigation_progress" time="0.035"><failure message="KeyError: 'description'">backend/tests/test_near_miss_investigation.py:192: in test_update_investigation_progress
    near_miss_id = self.test_create_near_miss_for_investigation()
                   ^^^^^^^^^^^^^^^^^^^^^^^^^^^^^^^^^^^^^^^^^^^^^^
backend/tests/test_near_miss_investigation.py:78: in test_create_near_miss_for_investigation
    assert data["description"].startswith("TEST_INVESTIGATION_")
           ^^^^^^^^^^^^^^^^^^^
E   KeyError: 'description'</failure></testcase><testcase classname="backend.tests.test_near_miss_investigation.TestNearMissInvestigation" name="test_investigate_nonexistent_near_miss" time="0.038" /><testcase classname="backend.tests.test_near_miss_investigation.TestNearMissInvestigation" name="test_near_miss_list_shows_severity_and_progress" time="0.075"><failure message="KeyError: 'description'">backend/tests/test_near_miss_investigation.py:268: in test_near_miss_list_shows_severity_and_progress
    near_miss_id = self.test_investigate_near_miss_with_severity_red()
                   ^^^^^^^^^^^^^^^^^^^^^^^^^^^^^^^^^^^^^^^^^^^^^^^^^^^
backend/tests/test_near_miss_investigation.py:85: in test_investigate_near_miss_with_severity_red
    near_miss_id = self.test_create_near_miss_for_investigation()
                   ^^^^^^^^^^^^^^^^^^^^^^^^^^^^^^^^^^^^^^^^^^^^^^
backend/tests/test_near_miss_investigation.py:78: in test_create_near_miss_for_investigation
    assert data["description"].startswith("TEST_INVESTIGATION_")
           ^^^^^^^^^^^^^^^^^^^
E   KeyError: 'description'</failure></testcase><testcase classname="backend.tests.test_near_miss_investigation.TestNearMissInvestigation" name="test_all_swp_checkboxes" time="0.031"><failure message="KeyError: 'description'">backend/tests/test_near_miss_investigation.py:294: in test_all_swp_checkboxes
    near_miss_id = self.test_create_near_miss_for_investigation()
                   ^^^^^^^^^^^^^^^^^^^^^^^^^^^^^^^^^^^^^^^^^^^^^^
backend/tests/test_near_miss_investigation.py:78: in test_create_near_miss_for_investigation
    assert data["description"].startswith("TEST_INVESTIGATION_")
           ^^^^^^^^^^^^^^^^^^^
E   KeyError: 'description'</failure></testcase><testcase classname="backend.tests.test_near_miss_investigation.TestNearMissInvestigationCleanup" name="test_cleanup_test_data" time="0.035" /></testsuite></testsuites>