<?xml version="1.0" encoding="utf-8"?><testsuites name="pytest tests"><testsuite name="pytest" errors="0" failures="0" skipped="0" tests="12" time="3.282" timestamp="2026-06-09T08:07:17.131965+00:00" hostname="agent-env-357a59ac-bf1d-4658-a239-2743eb48a41a"><testcase classname="backend.tests.test_workplan.TestWorkplanJobs" name="test_get_jobs_returns_seeded_data" time="0.270" /><testcase classname="backend.tests.test_workplan.TestWorkplanJobs" name="test_add_job" time="0.265" /><testcase classname="backend.tests.test_workplan.TestWorkplanJobs" name="test_delete_job" time="0.366" /><testcase classname="backend.tests.test_workplan.TestWorkplanColors" name="test_get_colors_returns_seeded_data" time="0.135" /><testcase classname="backend.tests.test_workplan.TestWorkplanColors" name="test_add_color" time="0.111" /><testcase classname="backend.tests.test_workplan.TestWorkplanColors" name="test_update_color" time="0.341" /><testcase classname="backend.tests.test_workplan.TestWorkplanColors" name="test_delete_color" time="0.323" /><testcase classname="backend.tests.test_workplan.TestWorkplanDraft" name="test_get_workplan_returns_structure" time="0.145" /><testcase classname="backend.tests.test_workplan.TestWorkplanDraft" name="test_save_workplan" time="0.254" /><testcase classname="backend.tests.test_workplan.TestWorkplanPublish" name="test_publish_workplan" time="0.204" /><testcase classname="backend.tests.test_workplan.TestWorkplanPublish" name="test_get_published_workplan" time="0.103" /><testcase classname="backend.tests.test_workplan.TestWorkplanIntegration" name="test_full_workplan_workflow" time="0.694" /></testsuite></testsuites>