<?xml version="1.0" encoding="utf-8"?><testsuites name="pytest tests"><testsuite name="pytest" errors="0" failures="0" skipped="0" tests="12" time="1.826" timestamp="2026-06-09T09:02:30.064541+00:00" hostname="agent-env-357a59ac-bf1d-4658-a239-2743eb48a41a"><testcase classname="backend.tests.test_workplan_enhancements.TestWorkplanEnhancements" name="test_health_check" time="0.202" /><testcase classname="backend.tests.test_workplan_enhancements.TestWorkplanEnhancements" name="test_workplan_returns_rows_with_left_field" time="0.179" /><testcase classname="backend.tests.test_workplan_enhancements.TestWorkplanEnhancements" name="test_workplan_rows_have_daily_cells_with_jobs" time="0.174" /><testcase classname="backend.tests.test_workplan_enhancements.TestWorkplanEnhancements" name="test_costing_endpoint_returns_job_breakdown" time="0.121" /><testcase classname="backend.tests.test_workplan_enhancements.TestWorkplanEnhancements" name="test_costing_endpoint_returns_color_breakdown" time="0.106" /><testcase classname="backend.tests.test_workplan_enhancements.TestWorkplanEnhancements" name="test_costing_handles_both_array_and_dict_day_formats" time="0.113" /><testcase classname="backend.tests.test_workplan_enhancements.TestWorkplanEnhancements" name="test_costing_separates_active_and_leaver_data" time="0.151" /><testcase classname="backend.tests.test_workplan_enhancements.TestWorkplanEnhancements" name="test_workplan_jobs_endpoint" time="0.107" /><testcase classname="backend.tests.test_workplan_enhancements.TestWorkplanEnhancements" name="test_workplan_colors_endpoint" time="0.108" /><testcase classname="backend.tests.test_workplan_enhancements.TestWorkplanDataIntegrity" name="test_active_rows_have_employee_names" time="0.145" /><testcase classname="backend.tests.test_workplan_enhancements.TestWorkplanDataIntegrity" name="test_rows_have_7_days" time="0.154" /><testcase classname="backend.tests.test_workplan_enhancements.TestWorkplanDataIntegrity" name="test_cells_have_am_pm_structure" time="0.198" /></testsuite></testsuites>