<?xml version="1.0" encoding="utf-8"?><testsuites name="pytest tests"><testsuite name="pytest" errors="0" failures="0" skipped="0" tests="11" time="1.175" timestamp="2026-02-06T08:35:26.913043+00:00" hostname="agent-env-d823ad72-c4dc-459a-a467-7cc73f29948e"><testcase classname="backend.tests.test_near_miss_investigation.TestNearMissInvestigation" name="test_health_check" time="0.074" /><testcase classname="backend.tests.test_near_miss_investigation.TestNearMissInvestigation" name="test_admin_login" time="0.037" /><testcase classname="backend.tests.test_near_miss_investigation.TestNearMissInvestigation" name="test_create_near_miss_for_investigation" time="0.039" /><testcase classname="backend.tests.test_near_miss_investigation.TestNearMissInvestigation" name="test_investigate_near_miss_with_severity_red" time="0.147" /><testcase classname="backend.tests.test_near_miss_investigation.TestNearMissInvestigation" name="test_investigate_near_miss_with_severity_orange" time="0.105" /><testcase classname="backend.tests.test_near_miss_investigation.TestNearMissInvestigation" name="test_investigate_near_miss_with_severity_green" time="0.145" /><testcase classname="backend.tests.test_near_miss_investigation.TestNearMissInvestigation" name="test_update_investigation_progress" time="0.219" /><testcase classname="backend.tests.test_near_miss_investigation.TestNearMissInvestigation" name="test_investigate_nonexistent_near_miss" time="0.034" /><testcase classname="backend.tests.test_near_miss_investigation.TestNearMissInvestigation" name="test_near_miss_list_shows_severity_and_progress" time="0.138" /><testcase classname="backend.tests.test_near_miss_investigation.TestNearMissInvestigation" name="test_all_swp_checkboxes" time="0.140" /><testcase classname="backend.tests.test_near_miss_investigation.TestNearMissInvestigationCleanup" name="test_cleanup_test_data" time="0.034" /></testsuite></testsuites>